<?xml version="1.0" encoding="UTF-8"?>
<beans xmlns="http://www.springframework.org/schema/beans"
    xmlns:xsi="http://www.w3.org/2001/XMLSchema-instance"
    xmlns:mybatis="http://mybatis.org/schema/mybatis-spring"
    xmlns:jdbc="http://www.springframework.org/schema/jdbc"
    xmlns:context="http://www.springframework.org/schema/context"
    xmlns:aop="http://www.springframework.org/schema/aop"
    xmlns:tx="http://www.springframework.org/schema/tx"
    xsi:schemaLocation="
        http://www.springframework.org/schema/jdbc http://www.springframework.org/schema/jdbc/spring-jdbc.xsd
        http://www.springframework.org/schema/beans http://www.springframework.org/schema/beans/spring-beans.xsd
        http://www.springframework.org/schema/context http://www.springframework.org/schema/context/spring-context.xsd
        http://mybatis.org/schema/mybatis-spring http://mybatis.org/schema/mybatis-spring.xsd
        http://www.springframework.org/schema/tx http://www.springframework.org/schema/tx/spring-tx.xsd
        http://www.springframework.org/schema/aop http://www.springframework.org/schema/aop/spring-aop.xsd
    ">
    
    <!-- @Transactionalアノテーションを使ったトランザクション管理 -->
    <tx:annotation-driven transaction-manager="transactionManager" />
    
    <context:property-placeholder location="classpath*:/META-INF/spring/*.properties" />
    
    <bean id="dateFactory" class="org.terasoluna.gfw.common.date.jodatime.DefaultJodaTimeDateFactory" />
    
    <bean id="realDataSource" class="org.apache.commons.dbcp2.BasicDataSource"
        destroy-method="close">
        <property name="driverClassName" value="${database.driverClassName}" />
        <property name="url" value="${database.url}" />
        <property name="username" value="${database.username}" />
        <property name="password" value="${database.password}" />
        <property name="defaultAutoCommit" value="false" />
        <property name="maxTotal" value="${cp.maxActive}" />
        <property name="maxIdle" value="${cp.maxIdle}" />
        <property name="minIdle" value="${cp.minIdle}" />
        <property name="maxWaitMillis" value="${cp.maxWait}" />
    </bean>
    
    <bean id="dataSource" class="net.sf.log4jdbc.Log4jdbcProxyDataSource">
        <constructor-arg index="0" ref="realDataSource" />
    </bean>
    
    <bean id="transactionManager"
        class="org.springframework.jdbc.datasource.DataSourceTransactionManager">
        <property name="dataSource" ref="dataSource" />
        <property name="rollbackOnCommitFailure" value="true" />
    </bean>
    
    <!-- MyBatis設定 -->
    
    <bean id="sqlSessionFactory" class="org.mybatis.spring.SqlSessionFactoryBean">
        <property name="dataSource" ref="dataSource" />
        <property name="typeAliasesPackage" value="todo.domain.model, todo.domain.repository" />
    </bean>
    
    <!-- define the SqlSessionFactory -->
    <!-- 
    <bean id="sqlSessionFactory" class="org.mybatis.spring.SqlSessionFactoryBean">
        <property name="dataSource" ref="dataSource" />
        <property name="configLocation" value="classpath:/META-INF/mybatis/mybatis-config.xml" />
    </bean>
    -->
    
    
    
    <!-- domainパッケージ配下をcomponent-scan対象に -->
    <context:annotation-config />
    
     <!-- モック対象のクラスをexclude-filterでコンポーネントスキャン対象から除外する -->
    <context:component-scan base-package="todo.domain">
        <context:exclude-filter type="assignable" expression="todo.domain.service.todo.TodoServiceImpl"/>
    </context:component-scan>
    
    <!-- モッククラスをモック対象クラスに見せかけて設定する -->
    <bean id="TodoserviceImplMock" class="todo.app.todo.TestFinishMock" />
    
    
    
    <bean id="beanMapper" class="org.dozer.spring.DozerBeanMapperFactoryBean">
        <property name="mappingFiles"
            value="classpath*:/META-INF/dozer/**/*-mapping.xml" />
    </bean>
    

    <!-- Exception Code Resolver. -->
    <bean id="exceptionCodeResolver"
        class="org.terasoluna.gfw.common.exception.SimpleMappingExceptionCodeResolver">
        <!-- Setting and Customization by project. -->
        <property name="exceptionMappings">
            <map>
                <entry key="ResourceNotFoundException" value="e.xx.fw.5001" />
                <entry key="InvalidTransactionTokenException" value="e.xx.fw.7001" />
                <entry key="BusinessException" value="e.xx.fw.8001" />
                <entry key=".DataAccessException" value="e.xx.fw.9002" />
            </map>
        </property>
        <property name="defaultExceptionCode" value="e.xx.fw.9001" />
    </bean>

    <!-- Exception Logger. -->
    <bean id="exceptionLogger"
        class="org.terasoluna.gfw.common.exception.ExceptionLogger">
        <property name="exceptionCodeResolver" ref="exceptionCodeResolver" />
    </bean>
    
    <!-- MyBatisがマッパーを自動スキャンするパッケージを設定 -->
    <bean class="org.mybatis.spring.mapper.MapperScannerConfigurer">
        <property name="basePackage" value="todo.domain.repository" />
    </bean>
    
        <!-- jdbcTemplateの設定 -->
    <bean class="org.springframework.jdbc.core.JdbcTemplate">
        <constructor-arg ref="dataSource" />
    </bean>
    
</beans>